  [1m[36m (1.1ms)[0m  [1mCREATE TABLE "schema_migrations" ("version" varchar(255) NOT NULL) [0m
  [1m[35m (1.0ms)[0m  CREATE UNIQUE INDEX "unique_schema_migrations" ON "schema_migrations" ("version")
  [1m[36mActiveRecord::SchemaMigration Load (0.2ms)[0m  [1mSELECT "schema_migrations".* FROM "schema_migrations"[0m
  [1m[36mActiveRecord::SchemaMigration Load (0.5ms)[0m  [1mSELECT "schema_migrations".* FROM "schema_migrations"[0m
Migrating to CreateLeaflyStores (20140108010945)
  [1m[35m (0.2ms)[0m  begin transaction
  [1m[36m (0.6ms)[0m  [1mCREATE TABLE "leafly_stores" ("id" INTEGER PRIMARY KEY AUTOINCREMENT NOT NULL, "slug" varchar(255), "name" varchar(255), "address" varchar(255), "city" varchar(255), "state" varchar(255), "zipcode" varchar(255), "hours" varchar(255), "website" varchar(255), "phone_number" varchar(255), "created_at" datetime, "updated_at" datetime) [0m
  [1m[35mSQL (0.2ms)[0m  INSERT INTO "schema_migrations" ("version") VALUES (?)  [["version", "20140108010945"]]
  [1m[36m (0.7ms)[0m  [1mcommit transaction[0m
  [1m[35mActiveRecord::SchemaMigration Load (0.2ms)[0m  SELECT "schema_migrations".* FROM "schema_migrations"
  [1m[36mActiveRecord::SchemaMigration Load (0.6ms)[0m  [1mSELECT "schema_migrations".* FROM "schema_migrations"[0m
Migrating to AddMenuToStores (20140108011830)
  [1m[35m (0.1ms)[0m  begin transaction
  [1m[36m (0.7ms)[0m  [1mALTER TABLE "stores" ADD "menu" text[0m
SQLite3::SQLException: no such table: stores: ALTER TABLE "stores" ADD "menu" text
  [1m[35m (0.1ms)[0m  rollback transaction
  [1m[36mActiveRecord::SchemaMigration Load (0.7ms)[0m  [1mSELECT "schema_migrations".* FROM "schema_migrations"[0m
Migrating to AddMenuToStores (20140108011830)
  [1m[35m (0.1ms)[0m  begin transaction
  [1m[36m (0.3ms)[0m  [1mALTER TABLE "stores" ADD "menu" text[0m
SQLite3::SQLException: no such table: stores: ALTER TABLE "stores" ADD "menu" text
  [1m[35m (0.1ms)[0m  rollback transaction
  [1m[36mActiveRecord::SchemaMigration Load (0.1ms)[0m  [1mSELECT "schema_migrations".* FROM "schema_migrations"[0m
Migrating to AddMenuToStores (20140108011830)
  [1m[35m (0.1ms)[0m  begin transaction
  [1m[36m (0.2ms)[0m  [1mALTER TABLE "stores" ADD "menu" text[0m
SQLite3::SQLException: no such table: stores: ALTER TABLE "stores" ADD "menu" text
  [1m[35m (0.1ms)[0m  rollback transaction
  [1m[36mActiveRecord::SchemaMigration Load (0.1ms)[0m  [1mSELECT "schema_migrations".* FROM "schema_migrations"[0m
Migrating to AddMenuToStores (20140108011830)
  [1m[35m (0.1ms)[0m  begin transaction
  [1m[36m (0.2ms)[0m  [1mALTER TABLE "stores" ADD "menu" text[0m
SQLite3::SQLException: no such table: stores: ALTER TABLE "stores" ADD "menu" text
  [1m[35m (0.1ms)[0m  rollback transaction
  [1m[36mActiveRecord::SchemaMigration Load (0.2ms)[0m  [1mSELECT "schema_migrations".* FROM "schema_migrations"[0m
Migrating to AddMenuToStores (20140108011830)
  [1m[36mActiveRecord::SchemaMigration Load (0.1ms)[0m  [1mSELECT "schema_migrations".* FROM "schema_migrations"[0m
Migrating to AddMenuToStores (20140108011830)
  [1m[36mActiveRecord::SchemaMigration Load (0.2ms)[0m  [1mSELECT "schema_migrations".* FROM "schema_migrations"[0m
  [1m[35mActiveRecord::SchemaMigration Load (0.1ms)[0m  SELECT "schema_migrations".* FROM "schema_migrations"
  [1m[36mActiveRecord::SchemaMigration Load (0.6ms)[0m  [1mSELECT "schema_migrations".* FROM "schema_migrations"[0m
Migrating to AddMenuToStores (20140108012126)
  [1m[36m (1.3ms)[0m  [1mCREATE TABLE "leafly_stores" ("id" INTEGER PRIMARY KEY AUTOINCREMENT NOT NULL, "slug" varchar(255), "name" varchar(255), "address" varchar(255), "city" varchar(255), "state" varchar(255), "zipcode" varchar(255), "hours" varchar(255), "website" varchar(255), "phone_number" varchar(255), "created_at" datetime, "updated_at" datetime) [0m
  [1m[35m (1.2ms)[0m  CREATE TABLE "schema_migrations" ("version" varchar(255) NOT NULL) 
  [1m[36m (1.9ms)[0m  [1mCREATE UNIQUE INDEX "unique_schema_migrations" ON "schema_migrations" ("version")[0m
  [1m[35m (0.8ms)[0m  SELECT version FROM "schema_migrations"
  [1m[36m (0.9ms)[0m  [1mINSERT INTO "schema_migrations" (version) VALUES ('20140108010945')[0m
  [1m[35mActiveRecord::SchemaMigration Load (0.2ms)[0m  SELECT "schema_migrations".* FROM "schema_migrations"
  [1m[36mActiveRecord::SchemaMigration Load (0.1ms)[0m  [1mSELECT "schema_migrations".* FROM "schema_migrations"[0m
Migrating to AddMenuToLeaflyStores (20140108012126)
  [1m[35m (0.1ms)[0m  begin transaction
  [1m[36m (1.9ms)[0m  [1mALTER TABLE "leafly_stores" ADD "menu" text[0m
  [1m[35mSQL (0.3ms)[0m  INSERT INTO "schema_migrations" ("version") VALUES (?)  [["version", "20140108012126"]]
  [1m[36m (1.0ms)[0m  [1mcommit transaction[0m
  [1m[35mActiveRecord::SchemaMigration Load (0.1ms)[0m  SELECT "schema_migrations".* FROM "schema_migrations"
  [1m[36mLeafly::Store Load (2.4ms)[0m  [1mSELECT "leafly_stores".* FROM "leafly_stores"[0m
  [1m[35m (0.1ms)[0m  begin transaction
  [1m[36mSQL (4.4ms)[0m  [1mINSERT INTO "leafly_stores" ("created_at", "updated_at") VALUES (?, ?)[0m  [["created_at", Wed, 08 Jan 2014 01:26:15 UTC +00:00], ["updated_at", Wed, 08 Jan 2014 01:26:15 UTC +00:00]]
  [1m[35m (0.9ms)[0m  commit transaction
  [1m[36mLeafly::Store Load (0.2ms)[0m  [1mSELECT "leafly_stores".* FROM "leafly_stores"[0m
  [1m[36mLeafly::Store Load (0.6ms)[0m  [1mSELECT "leafly_stores".* FROM "leafly_stores" ORDER BY "leafly_stores"."id" DESC LIMIT 1[0m
  [1m[35mLeafly::Store Load (0.5ms)[0m  SELECT "leafly_stores".* FROM "leafly_stores" ORDER BY "leafly_stores"."id" DESC LIMIT 1
  [1m[36mLeafly::Store Load (0.1ms)[0m  [1mSELECT "leafly_stores".* FROM "leafly_stores" ORDER BY "leafly_stores"."id" DESC LIMIT 1[0m
  [1m[35mLeafly::Store Load (0.3ms)[0m  SELECT "leafly_stores".* FROM "leafly_stores"
  [1m[36m (0.1ms)[0m  [1mbegin transaction[0m
  [1m[35mSQL (5.3ms)[0m  INSERT INTO "leafly_stores" ("address", "city", "created_at", "hours", "menu", "name", "phone_number", "slug", "state", "updated_at", "website", "zipcode") VALUES (?, ?, ?, ?, ?, ?, ?, ?, ?, ?, ?, ?)  [["address", "1 Broadway Suite A-150"], ["city", "Denver"], ["created_at", Wed, 08 Jan 2014 01:35:01 UTC +00:00], ["hours", " 8AM-6:45PM, 7 days a week"], ["menu", ["Bio - Diesel", "Bio - Jesus", "Blue Dream", "DJ Short's Flo", "Dopium", "Durban Poison", "Golden Goat", "Headband", "LA OG", "Lemon Diesel", "OG18(R18)", "Outer Space", "Q3", "Rectangle", "Reserva Privada OG", "Sour Diesel", "Tahoe OG", "The Sister", "Ultimate 91 Chemdawg", "Assorted In-House Strains", "Bhang Dark Chocolate Bar (120mg)", "Bhang Fire Chocolate Bar (180mg)", "Bhang Ice Chocolate Bar (180mg)", "Bhang Milk Chocolate Bar (120mg)", "Bhang Toffee Chocolate Bar (120mg)", "Blue Kudu 100MG", "Blue Kudu 225 MG", "Blue Kudu Coffee Crunch", "Cannapunch OMG Bold (151 mg)", "Cannapunch Sons of Sativa (200 mg)", "Canyon Cultivation Drop-It Tincture (375mg)", "Canyon Cultivation Lick-It Breath Strips (10mg)", "Denver Relief Olive Oil (180mL)", "Denver Relief Olive Oil (250mL)", "Denver Relief Olive Oil (60mL)", "Dixie Chocolate Truffles (300mg)", "Dixie Dew Drops (Flavored Tinctures)", "Dixie X CBD Capsules", "Dixie X CBD Dew Drops", "Gaia's Garden Cougher Drops (100mg)", "Gaia's Garden Heads & Tails (200 mg)", "Gaia's Garden Karma Kandy ", "Gaia's Garden Lozenges", "Gaia's Garden Mini Cloud Nine Bar", "Gaia's Garden Patty's Peppermint ", "Gaia's Garden Peppermint Bark", "Gaia's Garden Sugar-Free Dark Chocolate", "Gaia's Garden Sugar-Free Drops", "Incredibles A Mile Higher Bar (300 mg)", "Incredibles Boulder Bar (100mg)", "Incredibles Cookies and Cream (100mg)", "Incredibles Fire Berry After Dark Bar (300 mg)", "Incredibles IncrediPills", "Incredibles Mile High Bar (175mg)", "Incredibles Monkey Bar (100 mg)", "Incredibles Peanut Budda Buddha Bar (200 mg)", "Julie and Kate's Granola Bar", "Julie and Kate's Seed Mix", "Marqaha Drinks (110 mg)", "Marqaha Take Flight Mist ", "Marqaha TinCsure", "Mountain High Suckers ", "Mountain High Suckers (Sugar-Free)", "Mountain High Suckers Lozenges (113 mg)", "OG Essential Capsules (135mg) ", "OMG Cannapunch (100mg)", "The Growing Kitchen Chill Pills (100 mg)", "The Growing Kitchen Choclava (200 mg)", "The Growing Kitchen Fantastic Brownie (100 mg)", "The Growing Kitchen Go-Chi Ball (100 mg)", "The Growing Kitchen MaryMint Spray (375mg)", "The Growing Kitchen Terrific Chocolate Chunk Cookie", "The Growing Kitchen Zoom Ball (100 mg)", "Gaia's Garden Hybrid Shatter", "Gaia's Garden LA Woman Shatter", "OrganaLabs CO2 Honey Extracted Oil", "TC Labs Bio-Diesel Nug Run Shatter", "TC Labs Blue Dream Wax", "TC Labs DJ Short's Flo Nug Run Shatter", "TC Labs Durban Poison LED Shatter", "TC Labs Durban Poison LED Wax", "TC Labs Durban Poison Nug Run Shatter ", "TC Labs Flo 3 Wax", "TC Labs Headband Nug Run Shatter", "TC Labs OG Shatter", "TC Labs Ult. '91 Chemdawg + Bio-Jesus Shatter", "TC Labs Ult. '91 Chemdawg + Bio-Jesus Wax", "Action Bronson Micro G Vaporizer Pen", "Atmos Jr. heating chamber", "Atmos Jr. Vape Pen", "Atmos Raw Vape Pen", "Bio-Diesel T-Shirts", "Bio-Diesel/Outer Space Hats", "Bonjour Torch", "Camo Vape Pen", "Cloud Pen Atomizer ", "Cloud Vape 2.0", "Dabber", "Denver Relief lighter", "Dixie Botanicals Salve (1.3oz)", "Dixie Botanicals Snake Oil - 1 ounce", "Dixie Botanicals Snake Oil - 2 ounce", "Dolezal Designs - Fancy Bats", "Dolezal Designs - Fancy Spoons", "Dolezal Designs - Fume Bats", "Dolezal Designs - Fume Spoons", "Dolezal Designs - Hash Tray / Dabber", "Dolezal Designs - Mini Color Spoons", "Elements Aficionado", "Elements king-size papers", "Elements papers", "Elements tips", "Glass Mason jar", "Green Team T-Shirts", "GV - 1 Vape Pen", "GV - 3 Vape Pen", "Hemp Wick", "JoyeTech eVic Vape Pen", "KindTray Dab n' Go", "KindTray Dab Pad", "KindTray Flowerbox", "KindTray Grandaddy", "KindTray J Tray", "KindTray Nug Out", "KindTray Sifter Tray", "MarQaha Vanilla Hemp Lip Balm", "Mary's Medicinals Transdermal Patches", "micro Vapped", "MicroGlobe and 3 replacement nails", "Microscope", "O.Pen Cartridge - 250 mg", "O.Pen Cartridge - 500 mg", "OrganicWick", "Raw papers", "Raw Roller", "Raw tips", "The Game Jesus Vape Pen", "The Growing Kitchen Mary's Way Salve .5 oz", "Zig-Zag joint roller"]], ["name", "Denver Relief"], ["phone_number", "303.420.MEDS (6337)"], ["slug", "denver-relief"], ["state", "CO"], ["updated_at", Wed, 08 Jan 2014 01:35:01 UTC +00:00], ["website", "http://www.denverrelief.com"], ["zipcode", " 80203"]]
TypeError: can't cast Array to text: INSERT INTO "leafly_stores" ("address", "city", "created_at", "hours", "menu", "name", "phone_number", "slug", "state", "updated_at", "website", "zipcode") VALUES (?, ?, ?, ?, ?, ?, ?, ?, ?, ?, ?, ?)
  [1m[36m (0.1ms)[0m  [1mrollback transaction[0m
  [1m[35m (0.1ms)[0m  begin transaction
  [1m[36mSQL (8.3ms)[0m  [1mINSERT INTO "leafly_stores" ("address", "city", "created_at", "hours", "menu", "name", "phone_number", "slug", "state", "updated_at", "website", "zipcode") VALUES (?, ?, ?, ?, ?, ?, ?, ?, ?, ?, ?, ?)[0m  [["address", "1 Broadway Suite A-150"], ["city", "Denver"], ["created_at", Wed, 08 Jan 2014 01:35:41 UTC +00:00], ["hours", " 8AM-6:45PM, 7 days a week"], ["menu", "[\"Bio - Diesel\", \"Bio - Jesus\", \"Blue Dream\", \"DJ Short's Flo\", \"Dopium\", \"Durban Poison\", \"Golden Goat\", \"Headband\", \"LA OG\", \"Lemon Diesel\", \"OG18(R18)\", \"Outer Space\", \"Q3\", \"Rectangle\", \"Reserva Privada OG\", \"Sour Diesel\", \"Tahoe OG\", \"The Sister\", \"Ultimate 91 Chemdawg\", \"Assorted In-House Strains\", \"Bhang Dark Chocolate Bar (120mg)\", \"Bhang Fire Chocolate Bar (180mg)\", \"Bhang Ice Chocolate Bar (180mg)\", \"Bhang Milk Chocolate Bar (120mg)\", \"Bhang Toffee Chocolate Bar (120mg)\", \"Blue Kudu 100MG\", \"Blue Kudu 225 MG\", \"Blue Kudu Coffee Crunch\", \"Cannapunch OMG Bold (151 mg)\", \"Cannapunch Sons of Sativa (200 mg)\", \"Canyon Cultivation Drop-It Tincture (375mg)\", \"Canyon Cultivation Lick-It Breath Strips (10mg)\", \"Denver Relief Olive Oil (180mL)\", \"Denver Relief Olive Oil (250mL)\", \"Denver Relief Olive Oil (60mL)\", \"Dixie Chocolate Truffles (300mg)\", \"Dixie Dew Drops (Flavored Tinctures)\", \"Dixie X CBD Capsules\", \"Dixie X CBD Dew Drops\", \"Gaia's Garden Cougher Drops (100mg)\", \"Gaia's Garden Heads & Tails (200 mg)\", \"Gaia's Garden Karma Kandy \", \"Gaia's Garden Lozenges\", \"Gaia's Garden Mini Cloud Nine Bar\", \"Gaia's Garden Patty's Peppermint \", \"Gaia's Garden Peppermint Bark\", \"Gaia's Garden Sugar-Free Dark Chocolate\", \"Gaia's Garden Sugar-Free Drops\", \"Incredibles A Mile Higher Bar (300 mg)\", \"Incredibles Boulder Bar (100mg)\", \"Incredibles Cookies and Cream (100mg)\", \"Incredibles Fire Berry After Dark Bar (300 mg)\", \"Incredibles IncrediPills\", \"Incredibles Mile High Bar (175mg)\", \"Incredibles Monkey Bar (100 mg)\", \"Incredibles Peanut Budda Buddha Bar (200 mg)\", \"Julie and Kate's Granola Bar\", \"Julie and Kate's Seed Mix\", \"Marqaha Drinks (110 mg)\", \"Marqaha Take Flight Mist \", \"Marqaha TinCsure\", \"Mountain High Suckers \", \"Mountain High Suckers (Sugar-Free)\", \"Mountain High Suckers Lozenges (113 mg)\", \"OG Essential Capsules (135mg) \", \"OMG Cannapunch (100mg)\", \"The Growing Kitchen Chill Pills (100 mg)\", \"The Growing Kitchen Choclava (200 mg)\", \"The Growing Kitchen Fantastic Brownie (100 mg)\", \"The Growing Kitchen Go-Chi Ball (100 mg)\", \"The Growing Kitchen MaryMint Spray (375mg)\", \"The Growing Kitchen Terrific Chocolate Chunk Cookie\", \"The Growing Kitchen Zoom Ball (100 mg)\", \"Gaia's Garden Hybrid Shatter\", \"Gaia's Garden LA Woman Shatter\", \"OrganaLabs CO2 Honey Extracted Oil\", \"TC Labs Bio-Diesel Nug Run Shatter\", \"TC Labs Blue Dream Wax\", \"TC Labs DJ Short's Flo Nug Run Shatter\", \"TC Labs Durban Poison LED Shatter\", \"TC Labs Durban Poison LED Wax\", \"TC Labs Durban Poison Nug Run Shatter \", \"TC Labs Flo 3 Wax\", \"TC Labs Headband Nug Run Shatter\", \"TC Labs OG Shatter\", \"TC Labs Ult. '91 Chemdawg + Bio-Jesus Shatter\", \"TC Labs Ult. '91 Chemdawg + Bio-Jesus Wax\", \"Action Bronson Micro G Vaporizer Pen\", \"Atmos Jr. heating chamber\", \"Atmos Jr. Vape Pen\", \"Atmos Raw Vape Pen\", \"Bio-Diesel T-Shirts\", \"Bio-Diesel/Outer Space Hats\", \"Bonjour Torch\", \"Camo Vape Pen\", \"Cloud Pen Atomizer \", \"Cloud Vape 2.0\", \"Dabber\", \"Denver Relief lighter\", \"Dixie Botanicals Salve (1.3oz)\", \"Dixie Botanicals Snake Oil - 1 ounce\", \"Dixie Botanicals Snake Oil - 2 ounce\", \"Dolezal Designs - Fancy Bats\", \"Dolezal Designs - Fancy Spoons\", \"Dolezal Designs - Fume Bats\", \"Dolezal Designs - Fume Spoons\", \"Dolezal Designs - Hash Tray / Dabber\", \"Dolezal Designs - Mini Color Spoons\", \"Elements Aficionado\", \"Elements king-size papers\", \"Elements papers\", \"Elements tips\", \"Glass Mason jar\", \"Green Team T-Shirts\", \"GV - 1 Vape Pen\", \"GV - 3 Vape Pen\", \"Hemp Wick\", \"JoyeTech eVic Vape Pen\", \"KindTray Dab n' Go\", \"KindTray Dab Pad\", \"KindTray Flowerbox\", \"KindTray Grandaddy\", \"KindTray J Tray\", \"KindTray Nug Out\", \"KindTray Sifter Tray\", \"MarQaha Vanilla Hemp Lip Balm\", \"Mary's Medicinals Transdermal Patches\", \"micro Vapped\", \"MicroGlobe and 3 replacement nails\", \"Microscope\", \"O.Pen Cartridge - 250 mg\", \"O.Pen Cartridge - 500 mg\", \"OrganicWick\", \"Raw papers\", \"Raw Roller\", \"Raw tips\", \"The Game Jesus Vape Pen\", \"The Growing Kitchen Mary's Way Salve .5 oz\", \"Zig-Zag joint roller\"]"], ["name", "Denver Relief"], ["phone_number", "303.420.MEDS (6337)"], ["slug", "denver-relief"], ["state", "CO"], ["updated_at", Wed, 08 Jan 2014 01:35:41 UTC +00:00], ["website", "http://www.denverrelief.com"], ["zipcode", " 80203"]]
  [1m[35m (0.9ms)[0m  commit transaction
  [1m[36m (0.1ms)[0m  [1mbegin transaction[0m
  [1m[35mSQL (0.4ms)[0m  INSERT INTO "leafly_stores" ("address", "city", "created_at", "hours", "menu", "name", "phone_number", "slug", "state", "updated_at", "website", "zipcode") VALUES (?, ?, ?, ?, ?, ?, ?, ?, ?, ?, ?, ?)  [["address", "419 W. 13Th Ave. "], ["city", "Denver"], ["created_at", Wed, 08 Jan 2014 01:35:41 UTC +00:00], ["hours", " 10am-7pm(M-F) 11am-7pm (Sat/Sun)"], ["menu", "[\"Banana Kush\", \"BDS Special\", \"Blue Dream\", \"Cheese\", \"Comandante 2.0\", \"Confidential Cheese\", \"Double Diesel\", \"Girl Scout Cookies\", \"Golden Goat\", \"Green Crack\", \"KuShAGE\", \"Lavender\", \"Lemon Grenade\", \"Mama San\", \"Mango\", \"Maui Diesel Dawg\", \"Skywalker OG\", \"Strawberry Cough\", \"Strawberry Fire\", \"Assorted 2 Pre-Roll Pack \", \"Assorted 4 pack Pre-Rolls \", \"Assorted Strain Specific Joints\", \"Beyond Mars Fruit Chews 100mg\", \"Beyond Mars Fruity Chew 200mg\", \"Beyond Mars Yummy Gummies 200mg\", \"Bhang Medicinal Chocolate - 120mg\", \"Bhang Medicinal Fire & Ice Chocolates 180mg\", \"Chai-High Teas & Canna-Cappucinos\", \"Cheeba Chews\", \"CO Cannabis Co Truffles \", \"Dabba Mint Chocolate\", \"EdiPure 250mg Assorted Gummies\", \"EdiPure 500mg Assorted Gummies\", \"Gaia's Garden Canna Fish 100mg\", \"Gaia's Garden Cookies and Cream Bar\", \"Gaias Garden Himalayan Salted Dark Chocolate Bar\", \"Gaias Garden Sugar Free Drops \", \"Grandma's Chronic Hard Candy 35mg\", \"Incredibles Blueberry Bliss Bar\", \"Incredibles Boulder Bar\", \"Incredibles Cookies and Cream\", \"Incredibles Fire Berry Bar 300mg\", \"Incredibles Fire Cracker\", \"Incredibles Mile Higher Bar 300mg \", \"Incredibles Monkey Bar \", \"Incredibles Peach Dream Bar \", \"Incredibles Peanut Budda Buddha Bar\", \"Incredibles Strawberry Cough Crunch\", \"Indiva 1:1 CBD/THC Tincture\", \"Indiva PM Tincture - CBN/THC\", \"Indiva THC-A Creature Comfort Tincture - 300mg \", \"Keef Cola Medicated Sodas\", \"MarQaha 220mg Tinctures/Mists\", \"MarQaha Beverages\", \"Mountain High CBD-Enriched Lozenges\", \"Mountain High CBD-Enriched Suckers\", \"Sweet Grass - Peanut Butter Jelly Cup\", \"Sweet Grass - Pumpkin Pie\", \"Sweet Grass Cookies \", \"Sweet Grass Truffle Brownie\", \"Sweet Stone Claudie Bear 100mg\", \"Sweet Stone Gemstones 50mg\", \"The Growing Kitchen Chill Pills 100mg \", \"The Growing Kitchen- Deep Sleep Rest Aides \", \"The Growing Kitchen- MaryMint Spray 375mg\", \"The Growing Kitchen- Perfect Peace Pain Pills\", \"Wana Chocolate Rolls\", \"Wana Peanut Butter Krisps \", \"710 Labs Shatter\", \"Colorado Concentrates Shatter\", \"Colorado Concentrates Wax\", \"Concentrate of the Day (12gr/day)\", \"Growing Kitchen Wax\", \"Mahatma Shatter\", \"Mahatma Wax\", \"Native Roots Shatter\", \"Native Roots Wax\", \"O.Pen Vape 250mg Cartridges\", \"O.Pen Vape 500mg Cartridges\", \"Sacred Seed Pharms Shatter\", \"Sacred Seed Pharms Wax\", \"Stay Concentrated Shatter\", \"Top Shelf Extracts Shatter\", \"Top Shelf Extracts Wax\", \"Atmos Thermo W Vaporizer\", \"Dr. Dabber Ghost Pen\", \"Grinder\", \"Heavenly Hash Bath - Mary Jane's Medicinals\", \"Maryjane's Medicinals 1oz Salve \", \"Maryjane's Medicinals Body Lotion\", \"Maryjane's Medicinals Lip Bong \", \"Massage Oil - 4oz - Mary Jane's Medicinals\", \"Massage Oil -2 oz- Mary Jane's Medicinals\", \"O.Pen Vape CO2 Oil Vaporizer Pen\", \"Oil Slick Ball\", \"Oil Slick Mini Balls\", \"Oil Slick Pad- large\", \"Oil Slick Pads\", \"Oil Slick Stacks Jars\", \"Pulse Glass Oil Rigs and Bongs\", \"Roll-on Topical Tincture -.35oz - Mary Jane's Medicinals\", \"Roll-on Topical Tincture 1oz - Mary Jane's Medicinals\", \"Salve - 2oz- Mary Jane's Medicinals\", \"Salve - 4oz - Mary Jane's Medicinals \", \"The Growing Kitchen- MaryMint Spray\", \"The Growing Kitchen- Mary's Way Salve\", \"Titanium Nail\", \"Vape Tools 4pc dab tool kit\"]"], ["name", "Local Product Of Colorado"], ["phone_number", "(303) 736-6850"], ["slug", "local-product-of-colorado"], ["state", "CO"], ["updated_at", Wed, 08 Jan 2014 01:35:41 UTC +00:00], ["website", "http://www.localproductco.com"], ["zipcode", " 80204"]]
  [1m[36m (0.7ms)[0m  [1mcommit transaction[0m
  [1m[35mLeafly::Store Load (0.3ms)[0m  SELECT "leafly_stores".* FROM "leafly_stores" ORDER BY "leafly_stores"."id" DESC LIMIT 1
  [1m[36mLeafly::Store Load (0.3ms)[0m  [1mSELECT "leafly_stores".* FROM "leafly_stores" ORDER BY "leafly_stores"."id" DESC LIMIT 1[0m
  [1m[35mLeafly::Store Load (0.3ms)[0m  SELECT "leafly_stores".* FROM "leafly_stores" ORDER BY "leafly_stores"."id" DESC LIMIT 1
  [1m[36mLeafly::Store Load (0.2ms)[0m  [1mSELECT "leafly_stores".* FROM "leafly_stores" ORDER BY "leafly_stores"."id" DESC LIMIT 1[0m
  [1m[35mLeafly::Store Load (0.3ms)[0m  SELECT "leafly_stores".* FROM "leafly_stores" ORDER BY "leafly_stores"."id" DESC LIMIT 1
